<?xml version="1.0" encoding="UTF-8"?>
<!-- Generated by org.testng.reporters.JUnitReportReporter -->
<testsuite hostname="INLF6DLLH2" name="com.myproject.testcases.LoginTestCRM" tests="2" failures="0" timestamp="19 Jul 2019 10:24:40 GMT" time="8.933" errors="0">
  <testcase name="loginApp" time="8.344" classname="com.myproject.testcases.LoginTestCRM"/>
  <testcase name="loginApp1" time="0.589" classname="com.myproject.testcases.LoginTestCRM"/>
</testsuite> <!-- com.myproject.testcases.LoginTestCRM -->
